Arguments: 
  /Users/zhangjianliu/.nvm/versions/node/v14.11.0/bin/node /usr/local/bin/yarn

PATH: 
  /Users/zhangjianliu/document/flutter/bin:/Users/zhangjianliu/.nvm/versions/node/v14.11.0/bin:/usr/local/bin:/usr/bin:/bin:/usr/sbin:/sbin:/Users/zhangjianliu/personProject/vuePress-blog/node_modules/.bin

Yarn version: 
  1.22.4

Node version: 
  14.11.0

Platform: 
  darwin x64

Trace: 
  Error: EACCES: permission denied, unlink '/Users/zhangjianliu/personProject/vuePress-blog/node_modules/@vuepress/core/.temp/app-enhancers/3.js'

npm manifest: 
  {
    "name": "my_blog",
    "version": "1.0.0",
    "author": "wb",
    "scripts": {
      "dev": "vuepress dev . --host \"localhost\"",
      "build": "vuepress build .",
      "deploy": "bash deploy.sh"
    },
    "devDependencies": {
      "vuepress": "1.5.4",
      "vuepress-plugin-meting": "^0.1.1",
      "vuepress-theme-reco": "1.5.7"
    },
    "dependencies": {
      "@vuepress-reco/vuepress-plugin-comments": "^1.5.7",
      "vue-class-component": "^7.2.3"
    },
    "description": ""
  }

yarn manifest: 
  No manifest

Lockfile: 
  No lockfile
